Determining if the function sgemm_ exists failed with the following output:
Change Dir: /home/hyjale/ILLIXR_test/ILLIXR/zed/zed-opencv/cpp/build/CMakeFiles/CMakeTmp

Run Build Command(s):/usr/bin/make cmTC_aef36/fast && /usr/bin/make  -f CMakeFiles/cmTC_aef36.dir/build.make CMakeFiles/cmTC_aef36.dir/build
make[1]: Entering directory '/home/hyjale/ILLIXR_test/ILLIXR/zed/zed-opencv/cpp/build/CMakeFiles/CMakeTmp'
Building C object CMakeFiles/cmTC_aef36.dir/CheckFunctionExists.c.o
/usr/bin/cc   -DCHECK_FUNCTION_EXISTS=sgemm_   -o CMakeFiles/cmTC_aef36.dir/CheckFunctionExists.c.o   -c /usr/local/share/cmake-3.16/Modules/CheckFunctionExists.c
Linking C executable cmTC_aef36
/usr/local/bin/cmake -E cmake_link_script CMakeFiles/cmTC_aef36.dir/link.txt --verbose=1
/usr/bin/cc  -DCHECK_FUNCTION_EXISTS=sgemm_    -rdynamic CMakeFiles/cmTC_aef36.dir/CheckFunctionExists.c.o  -o cmTC_aef36 
CMakeFiles/cmTC_aef36.dir/CheckFunctionExists.c.o: In function `main':
CheckFunctionExists.c:(.text+0x10): undefined reference to `sgemm_'
collect2: error: ld returned 1 exit status
CMakeFiles/cmTC_aef36.dir/build.make:89: recipe for target 'cmTC_aef36' failed
make[1]: *** [cmTC_aef36] Error 1
make[1]: Leaving directory '/home/hyjale/ILLIXR_test/ILLIXR/zed/zed-opencv/cpp/build/CMakeFiles/CMakeTmp'
Makefile:124: recipe for target 'cmTC_aef36/fast' failed
make: *** [cmTC_aef36/fast] Error 2



Performing C SOURCE FILE Test CMAKE_HAVE_LIBC_PTHREAD failed with the following output:
Change Dir: /home/hyjale/ILLIXR_test/ILLIXR/zed/zed-opencv/cpp/build/CMakeFiles/CMakeTmp

Run Build Command(s):/usr/bin/make cmTC_e669b/fast && /usr/bin/make  -f CMakeFiles/cmTC_e669b.dir/build.make CMakeFiles/cmTC_e669b.dir/build
make[1]: Entering directory '/home/hyjale/ILLIXR_test/ILLIXR/zed/zed-opencv/cpp/build/CMakeFiles/CMakeTmp'
Building C object CMakeFiles/cmTC_e669b.dir/src.c.o
/usr/bin/cc   -DCMAKE_HAVE_LIBC_PTHREAD   -o CMakeFiles/cmTC_e669b.dir/src.c.o   -c /home/hyjale/ILLIXR_test/ILLIXR/zed/zed-opencv/cpp/build/CMakeFiles/CMakeTmp/src.c
Linking C executable cmTC_e669b
/usr/local/bin/cmake -E cmake_link_script CMakeFiles/cmTC_e669b.dir/link.txt --verbose=1
/usr/bin/cc  -DCMAKE_HAVE_LIBC_PTHREAD    -rdynamic CMakeFiles/cmTC_e669b.dir/src.c.o  -o cmTC_e669b 
CMakeFiles/cmTC_e669b.dir/src.c.o: In function `main':
src.c:(.text+0x3e): undefined reference to `pthread_create'
src.c:(.text+0x4a): undefined reference to `pthread_detach'
src.c:(.text+0x5b): undefined reference to `pthread_join'
src.c:(.text+0x6f): undefined reference to `pthread_atfork'
collect2: error: ld returned 1 exit status
CMakeFiles/cmTC_e669b.dir/build.make:89: recipe for target 'cmTC_e669b' failed
make[1]: *** [cmTC_e669b] Error 1
make[1]: Leaving directory '/home/hyjale/ILLIXR_test/ILLIXR/zed/zed-opencv/cpp/build/CMakeFiles/CMakeTmp'
Makefile:124: recipe for target 'cmTC_e669b/fast' failed
make: *** [cmTC_e669b/fast] Error 2


Source file was:
#include <pthread.h>

void* test_func(void* data)
{
  return data;
}

int main(void)
{
  pthread_t thread;
  pthread_create(&thread, NULL, test_func, NULL);
  pthread_detach(thread);
  pthread_join(thread, NULL);
  pthread_atfork(NULL, NULL, NULL);
  pthread_exit(NULL);

  return 0;
}

Determining if the function pthread_create exists in the pthreads failed with the following output:
Change Dir: /home/hyjale/ILLIXR_test/ILLIXR/zed/zed-opencv/cpp/build/CMakeFiles/CMakeTmp

Run Build Command(s):/usr/bin/make cmTC_1ae90/fast && /usr/bin/make  -f CMakeFiles/cmTC_1ae90.dir/build.make CMakeFiles/cmTC_1ae90.dir/build
make[1]: Entering directory '/home/hyjale/ILLIXR_test/ILLIXR/zed/zed-opencv/cpp/build/CMakeFiles/CMakeTmp'
Building C object CMakeFiles/cmTC_1ae90.dir/CheckFunctionExists.c.o
/usr/bin/cc   -DCHECK_FUNCTION_EXISTS=pthread_create   -o CMakeFiles/cmTC_1ae90.dir/CheckFunctionExists.c.o   -c /usr/local/share/cmake-3.16/Modules/CheckFunctionExists.c
Linking C executable cmTC_1ae90
/usr/local/bin/cmake -E cmake_link_script CMakeFiles/cmTC_1ae90.dir/link.txt --verbose=1
/usr/bin/cc  -DCHECK_FUNCTION_EXISTS=pthread_create    -rdynamic CMakeFiles/cmTC_1ae90.dir/CheckFunctionExists.c.o  -o cmTC_1ae90  -lpthreads 
/usr/bin/ld: cannot find -lpthreads
collect2: error: ld returned 1 exit status
CMakeFiles/cmTC_1ae90.dir/build.make:89: recipe for target 'cmTC_1ae90' failed
make[1]: *** [cmTC_1ae90] Error 1
make[1]: Leaving directory '/home/hyjale/ILLIXR_test/ILLIXR/zed/zed-opencv/cpp/build/CMakeFiles/CMakeTmp'
Makefile:124: recipe for target 'cmTC_1ae90/fast' failed
make: *** [cmTC_1ae90/fast] Error 2



