make -C runtime main.dbg.exe
make[1]: Entering directory '/home/hyjale/ILLIXR_test/ILLIXR/runtime'
make[1]: 'main.dbg.exe' is up to date.
make[1]: Leaving directory '/home/hyjale/ILLIXR_test/ILLIXR/runtime'
make -C ground_truth_slam/ plugin.dbg.so
make[1]: Entering directory '/home/hyjale/ILLIXR_test/ILLIXR/ground_truth_slam'
make[1]: 'plugin.dbg.so' is up to date.
make[1]: Leaving directory '/home/hyjale/ILLIXR_test/ILLIXR/ground_truth_slam'
make -C zed/ plugin.dbg.so
make[1]: Entering directory '/home/hyjale/ILLIXR_test/ILLIXR/zed'
mkdir -p zed-opencv/cpp/build/ && \
cd zed-opencv/cpp/build/ && \
cmake .. && \
make "-j" && \
cd ../../.. && \
rm -f plugin.dbg.so && \
ln -s zed-opencv/cpp/build/libplugin.so plugin.dbg.so && \
true
-- Configuring done
-- Generating done
-- Build files have been written to: /home/hyjale/ILLIXR_test/ILLIXR/zed/zed-opencv/cpp/build
make[2]: Entering directory '/home/hyjale/ILLIXR_test/ILLIXR/zed/zed-opencv/cpp/build'
make[3]: Entering directory '/home/hyjale/ILLIXR_test/ILLIXR/zed/zed-opencv/cpp/build'
make[4]: Entering directory '/home/hyjale/ILLIXR_test/ILLIXR/zed/zed-opencv/cpp/build'
make[4]: Entering directory '/home/hyjale/ILLIXR_test/ILLIXR/zed/zed-opencv/cpp/build'
make[4]: Leaving directory '/home/hyjale/ILLIXR_test/ILLIXR/zed/zed-opencv/cpp/build'
make[4]: Leaving directory '/home/hyjale/ILLIXR_test/ILLIXR/zed/zed-opencv/cpp/build'
[100%] Built target plugin
[100%] Built target ZED_with_OpenCV.so
make[3]: Leaving directory '/home/hyjale/ILLIXR_test/ILLIXR/zed/zed-opencv/cpp/build'
make[2]: Leaving directory '/home/hyjale/ILLIXR_test/ILLIXR/zed/zed-opencv/cpp/build'
make[1]: Leaving directory '/home/hyjale/ILLIXR_test/ILLIXR/zed'
make -C open_vins/ plugin.dbg.so
make[1]: Entering directory '/home/hyjale/ILLIXR_test/ILLIXR/open_vins'
mkdir -p build/ && \
cd build/ && \
cmake .. && \
make "-j7" && \
cd .. && \
rm -f  plugin.dbg.so && \
ln -s build/ov_msckf/libslam2.so plugin.dbg.so && \
true
-- EIGEN VERSION: 
-- OPENCV VERSION: 3.4.6
-- BOOST VERSION: 106501
-- The compiler /usr/bin/c++ has no C++17 support. Please use a different C++ compiler.
-- EIGEN VERSION: 
-- OPENCV VERSION: 3.4.6
-- BOOST VERSION: 106501
-- The compiler /usr/bin/c++ has no C++17 support. Please use a different C++ compiler.
-- Configuring done
-- Generating done
-- Build files have been written to: /home/hyjale/ILLIXR_test/ILLIXR/open_vins/build
make[2]: Entering directory '/home/hyjale/ILLIXR_test/ILLIXR/open_vins/build'
make[3]: Entering directory '/home/hyjale/ILLIXR_test/ILLIXR/open_vins/build'
make[4]: Entering directory '/home/hyjale/ILLIXR_test/ILLIXR/open_vins/build'
make[4]: Leaving directory '/home/hyjale/ILLIXR_test/ILLIXR/open_vins/build'
[ 44%] Built target ov_core_lib
make[4]: Entering directory '/home/hyjale/ILLIXR_test/ILLIXR/open_vins/build'
make[4]: Leaving directory '/home/hyjale/ILLIXR_test/ILLIXR/open_vins/build'
make[4]: Entering directory '/home/hyjale/ILLIXR_test/ILLIXR/open_vins/build'
make[4]: Leaving directory '/home/hyjale/ILLIXR_test/ILLIXR/open_vins/build'
[ 51%] Built target test_webcam
[ 85%] Built target ov_msckf_lib
make[4]: Entering directory '/home/hyjale/ILLIXR_test/ILLIXR/open_vins/build'
make[4]: Entering directory '/home/hyjale/ILLIXR_test/ILLIXR/open_vins/build'
make[4]: Leaving directory '/home/hyjale/ILLIXR_test/ILLIXR/open_vins/build'
make[4]: Leaving directory '/home/hyjale/ILLIXR_test/ILLIXR/open_vins/build'
[ 92%] Built target slam2
[100%] Built target run_simulation
make[3]: Leaving directory '/home/hyjale/ILLIXR_test/ILLIXR/open_vins/build'
make[2]: Leaving directory '/home/hyjale/ILLIXR_test/ILLIXR/open_vins/build'
make[1]: Leaving directory '/home/hyjale/ILLIXR_test/ILLIXR/open_vins'
make -C pose_prediction/ plugin.dbg.so
make[1]: Entering directory '/home/hyjale/ILLIXR_test/ILLIXR/pose_prediction'
make[1]: 'plugin.dbg.so' is up to date.
make[1]: Leaving directory '/home/hyjale/ILLIXR_test/ILLIXR/pose_prediction'
make -C gldemo/ plugin.dbg.so
make[1]: Entering directory '/home/hyjale/ILLIXR_test/ILLIXR/gldemo'
make[1]: 'plugin.dbg.so' is up to date.
make[1]: Leaving directory '/home/hyjale/ILLIXR_test/ILLIXR/gldemo'
make -C timewarp_gl/ plugin.dbg.so
make[1]: Entering directory '/home/hyjale/ILLIXR_test/ILLIXR/timewarp_gl'
make[1]: 'plugin.dbg.so' is up to date.
make[1]: Leaving directory '/home/hyjale/ILLIXR_test/ILLIXR/timewarp_gl'
make -C debugview/ plugin.dbg.so
make[1]: Entering directory '/home/hyjale/ILLIXR_test/ILLIXR/debugview'
make[1]: 'plugin.dbg.so' is up to date.
make[1]: Leaving directory '/home/hyjale/ILLIXR_test/ILLIXR/debugview'
make -C audio_pipeline/ plugin.dbg.so
make[1]: Entering directory '/home/hyjale/ILLIXR_test/ILLIXR/audio_pipeline'
make[1]: 'plugin.dbg.so' is up to date.
make[1]: Leaving directory '/home/hyjale/ILLIXR_test/ILLIXR/audio_pipeline'
runtime/main.dbg.exe ground_truth_slam/plugin.dbg.so zed/plugin.dbg.so open_vins/plugin.dbg.so pose_prediction/plugin.dbg.so gldemo/plugin.dbg.so timewarp_gl/plugin.dbg.so debugview/plugin.dbg.so audio_pipeline/plugin.dbg.so
Getting matching framebuffer configs
Found 10 matching FB configs.
Getting XVisualInfos
  Matching fbconfig 0, visual ID 0x24: SAMPLE_BUFFERS = 0, SAMPLES = 0
  Matching fbconfig 1, visual ID 0x7a: SAMPLE_BUFFERS = 0, SAMPLES = 0
  Matching fbconfig 2, visual ID 0x38: SAMPLE_BUFFERS = 1, SAMPLES = 2
  Matching fbconfig 3, visual ID 0x8e: SAMPLE_BUFFERS = 1, SAMPLES = 2
  Matching fbconfig 4, visual ID 0x3a: SAMPLE_BUFFERS = 1, SAMPLES = 4
  Matching fbconfig 5, visual ID 0x90: SAMPLE_BUFFERS = 1, SAMPLES = 4
  Matching fbconfig 6, visual ID 0x44: SAMPLE_BUFFERS = 1, SAMPLES = 8
  Matching fbconfig 7, visual ID 0x9a: SAMPLE_BUFFERS = 1, SAMPLES = 8
  Matching fbconfig 8, visual ID 0x4c: SAMPLE_BUFFERS = 1, SAMPLES = 16
  Matching fbconfig 9, visual ID 0xa2: SAMPLE_BUFFERS = 1, SAMPLES = 16
Chosen visual ID = 0x4c
Creating context
=======================================
OPENVINS ON-MANIFOLD EKF IS STARTING
=======================================
ESTIMATOR PARAMETERS:
	- use_fej: 1
	- use_imuavg: 0
	- use_rk4int: 1
	- calib_cam_extrinsics: 0
	- calib_cam_intrinsics: 1
	- calib_cam_timeoffset: 1
	- max_clones: 11
	- max_slam: 75
	- max_slam_in_update: 25
	- max_msckf_in_update: 999
	- max_aruco: 1024
	- max_cameras: 2
	- feat_rep_msckf: GLOBAL_3D
	- feat_rep_slam: ANCHORED_FULL_INVERSE_DEPTH
	- feat_rep_aruco: ANCHORED_FULL_INVERSE_DEPTH
	- gravity: 0.000, 0.000, 9.810
	- gravity: 3.0
	- init_window_time: 0.75
	- init_imu_thresh: 0.07
	- record timing?: 0
	- record timing filepath: ov_msckf_timing.txt
NOISE PARAMETERS:
	- gyroscope_noise_density: 0.323379
	- accelerometer_noise_density: 0.40301
	- gyroscope_random_walk: 0.0000194
	- accelerometer_random_walk: 0.000720
	Updater MSCKF Feats:
	- chi2_multipler: 2
	- sigma_pix: 5.00
	Updater SLAM Feats:
	- chi2_multipler: 2
	- sigma_pix: 5.00
	Updater ARUCO Tags:
	- chi2_multipler: 1
	- sigma_pix: 5.00
STATE PARAMETERS:
	- calib_camimu_dt: 0.0000
cam_0_fisheye:0
cam_0_wh:
1280 x 720
cam_0_intrinsic(0:3):
 681.11  681.11 611.625 401.201
cam_0_intrinsic(4:7):
0 0 0 0
cam_0_extrinsic(0:3):
-0.497876  0.501176 -0.504206  0.496707
cam_0_extrinsic(4:6):
  0.0147412 -0.00109786  -0.0120437
T_C0toI:
 -0.0108023  0.00183858     0.99994   0.0122042
  -0.999933 -0.00420946  -0.0107945   0.0146056
 0.00418936   -0.999989  0.00188393 -0.00113692
          0           0           0           1

cam_1_fisheye:0
cam_1_wh:
1280 x 720
cam_1_intrinsic(0:3):
 681.11  681.11 611.625 401.201
cam_1_intrinsic(4:7):
0 0 0 0
cam_1_extrinsic(0:3):
-0.498905  0.502023  -0.50318  0.495859
cam_1_extrinsic(4:6):
 -0.0471925 -0.00116365     -0.0124
T_C1toI:
 -0.0104354  -0.0019106    0.999944   0.0119046
  -0.999937  -0.0041928  -0.0104433  -0.0473239
 0.00421252   -0.999989 -0.00186673 -0.00098799
          0           0           0           1

FEATURE TRACKING PARAMETERS:
	- num_pts: 250
	- use_stereo: 1
	- max_runs: 20
	- init_lamda: 0.001
	- max_lamda: 10000000000.000
	- min_dx: 0.0000010
	- min_dcost: 0.0000010
	- lam_mult: 10.000
	- min_dist: 0.250
	- max_dist: 40.000
	- max_baseline: 40.000
	- max_cond_number: 1000.000
^^^^^^^^^^
Getting matching framebuffer configs
cpu_timer,zed_camera_thread,8727839
^^^^^^^^^^
cpu_timer,zed_camera_thread,4097448
Found 10 matching FB configs.
Getting XVisualInfos
  Matching fbconfig 0, visual ID 0x24: SAMPLE_BUFFERS = 0, SAMPLES = 0
  Matching fbconfig 1, visual ID 0x7a: SAMPLE_BUFFERS = 0, SAMPLES = 0
  Matching fbconfig 2, visual ID 0x38: SAMPLE_BUFFERS = 1, SAMPLES = 2
  Matching fbconfig 3, visual ID 0x8e: SAMPLE_BUFFERS = 1, SAMPLES = 2
  Matching fbconfig 4, visual ID 0x3a: SAMPLE_BUFFERS = 1, SAMPLES = 4
  Matching fbconfig 5, visual ID 0x90: SAMPLE_BUFFERS = 1, SAMPLES = 4
  Matching fbconfig 6, visual ID 0x44: SAMPLE_BUFFERS = 1, SAMPLES = 8
  Matching fbconfig 7, visual ID 0x9a: SAMPLE_BUFFERS = 1, SAMPLES = 8
  Matching fbconfig 8, visual ID 0x4c: SAMPLE_BUFFERS = 1, SAMPLES = 16
  Matching fbconfig 9, visual ID 0xa2: SAMPLE_BUFFERS = 1, SAMPLES = 16
Chosen visual ID = 0x4c
Creating context
^^^^^^^^^^
cpu_timer,zed_camera_thread,7246657
^^^^^^^^^^
cpu_timer,zed_camera_thread,6875745
^^^^^^^^^^
cpu_timer,zed_camera_thread,7369724
^^^^^^^^^^
cpu_timer,zed_camera_thread,7472193
^^^^^^^^^^
cpu_timer,zed_camera_thread,6697946
^^^^^^^^^^
cpu_timer,zed_camera_thread,7120325
^^^^^^^^^^
cpu_timer,zed_camera_thread,7796817
^^^^^^^^^^
cpu_timer,zed_camera_thread,7822477
^^^^^^^^^^
cpu_timer,zed_camera_thread,10954296
^^^^^^^^^^
cpu_timer,zed_camera_thread,9362817
^^^^^^^^^^
cpu_timer,zed_camera_thread,7885598
^^^^^^^^^^
cpu_timer,zed_camera_thread,6769563
^^^^^^^^^^
cpu_timer,zed_camera_thread,8125339
^^^^^^^^^^
cpu_timer,zed_camera_thread,10529978
^^^^^^^^^^
cpu_timer,zed_camera_thread,7870260
^^^^^^^^^^
cpu_timer,zed_camera_thread,8490372
^^^^^^^^^^
cpu_timer,zed_camera_thread,6641678
^^^^^^^^^^
cpu_timer,zed_camera_thread,34638804
^^^^^^^^^^
cpu_timer,zed_camera_thread,8194113
About to bind eyebuffer texture, texture handle: 1
Demo app shader program is program 3
^^^^^^^^^^
cpu_timer,zed_camera_thread,6828924
^^^^^^^^^^
cpu_timer,zed_camera_thread,6497331
^^^^^^^^^^
cpu_timer,zed_camera_thread,6646444
^^^^^^^^^^
cpu_timer,zed_camera_thread,7530066
^^^^^^^^^^
App using position: -3
[1;32m[GL DEMO APP][0m Submitting frame to buffer 0, frametime 0.091479, FPS: 10.931531
cpu_timer,gldemo,10450325
cpu_timer,zed_camera_thread,8162870
^^^^^^^^^^
App using position: -3
[1;32m[GL DEMO APP][0m Submitting frame to buffer 1, frametime 0.016311, FPS: 61.309761
cpu_timer,gldemo,232991
cpu_timer,zed_camera_thread,8524108
^^^^^^^^^^
App using position: -3
cpu_timer,zed_camera_thread,7590173
^^^^^^^^^^
[1;32m[GL DEMO APP][0m Submitting frame to buffer 0, frametime 0.033668, FPS: 29.702030
cpu_timer,gldemo,213879
cpu_timer,zed_camera_thread,7461230
^^^^^^^^^^
cpu_timer,zed_camera_thread,6891370
^^^^^^^^^^
cpu_timer,zed_camera_thread,8656834
App using position: -3
[1;32m[GL DEMO APP][0m Submitting frame to buffer 1, frametime 0.062304, FPS: 16.050371
cpu_timer,gldemo,256024
cpu_timer,timewarp_gl_gpu,64512
[1;36m[TIMEWARP][0m Motion-to-display latency: -73.3 ms, Exponential Average FPS: 54.712
[1;36m[TIMEWARP][0m [1;33m[WARNING][0m Timewarp thread running slow!
cpu_timer,timewarp_gl,11609235
^^^^^^^^^^
App using position: -3
[1;32m[GL DEMO APP][0m Submitting frame to buffer 0, frametime 0.016393, FPS: 61.002838
cpu_timer,timewarp_gl_gpu,50176
cpu_timer,gldemo,192163
[1;36m[TIMEWARP][0m Motion-to-display latency: -0.1 ms, Exponential Average FPS: 1104.661
cpu_timer,timewarp_gl,10727616
cpu_timer,zed_camera_thread,5233747
App using position: -3
^^^^^^^^^^
cpu_timer,zed_camera_thread,6524017
^^^^^^^^^^
cpu_timer,zed_camera_thread,6689839
^^^^^^^^^^
cpu_timer,zed_camera_thread,7662763
^^^^^^^^^^
[1;32m[GL DEMO APP][0m Submitting frame to buffer 1, frametime 0.066579, FPS: 15.019657
cpu_timer,gldemo,187029
cpu_timer,timewarp_gl_gpu,50176
[1;36m[TIMEWARP][0m Motion-to-display latency: -0.0 ms, Exponential Average FPS: 1069.000
cpu_timer,timewarp_gl,1585197
cpu_timer,zed_camera_thread,7694021
^^^^^^^^^^
App using position: -3
cpu_timer,zed_camera_thread,7657140
^^^^^^^^^^
cpu_timer,zed_camera_thread,6694513
^^^^^^^^^^
cpu_timer,zed_camera_thread,6290139
^^^^^^^^^^
[1;32m[GL DEMO APP][0m Submitting frame to buffer 0, frametime 0.065386, FPS: 15.293956
cpu_timer,timewarp_gl_gpu,50176
cpu_timer,gldemo,196130
cpu_timer,zed_camera_thread,7044891
^^^^^^^^^^
App using position: -3
[1;36m[TIMEWARP][0m Motion-to-display latency: -0.0 ms, Exponential Average FPS: 12261.535
cpu_timer,timewarp_gl,30576832
[1;32m[GL DEMO APP][0m Submitting frame to buffer 1, frametime 0.017246, FPS: 57.985737
cpu_timer,gldemo,142576
cpu_timer,zed_camera_thread,8327223
^^^^^^^^^^
App using position: -3
[1;32m[GL DEMO APP][0m Submitting frame to buffer 0, frametime 0.016202, FPS: 61.719193
cpu_timer,timewarp_gl_gpu,50176
cpu_timer,gldemo,2973103
[1;36m[TIMEWARP][0m Motion-to-display latency: -0.5 ms, Exponential Average FPS: 16139.766
cpu_timer,timewarp_gl,13069435
cpu_timer,zed_camera_thread,7750094
^^^^^^^^^^
cpu_timer,timewarp_gl_gpu,50176
App using position: -3
[1;36m[TIMEWARP][0m Motion-to-display latency: -0.0 ms, Exponential Average FPS: 22819.039
cpu_timer,timewarp_gl,14211912
[1;32m[GL DEMO APP][0m Submitting frame to buffer 1, frametime 0.020047, FPS: 49.882347
cpu_timer,gldemo,175628
cpu_timer,zed_camera_thread,7457333
^^^^^^^^^^
cpu_timer,timewarp_gl_gpu,55296
[1;36m[TIMEWARP][0m Motion-to-display latency: -0.1 ms, Exponential Average FPS: 25235.941
cpu_timer,timewarp_gl,9423817
App using position: -3
[1;32m[GL DEMO APP][0m Submitting frame to buffer 0, frametime 0.016157, FPS: 61.893883
cpu_timer,gldemo,97412
cpu_timer,zed_camera_thread,9033701
cpu_timer,timewarp_gl_gpu,50176
[1;36m[TIMEWARP][0m Motion-to-display latency: -0.0 ms, Exponential Average FPS: 22761.156
cpu_timer,timewarp_gl,11103518
App using position: -3
[1;32m[GL DEMO APP][0m Submitting frame to buffer 1, frametime 0.016191, FPS: 61.760963
cpu_timer,gldemo,141842
^^^^^^^^^^
cpu_timer,timewarp_gl_gpu,50176
App using position: -3
[1;36m[TIMEWARP][0m Motion-to-display latency: -0.0 ms, Exponential Average FPS: 20515.652
cpu_timer,timewarp_gl,15685444
[1;32m[GL DEMO APP][0m Submitting frame to buffer 0, frametime 0.016881, FPS: 59.239056
cpu_timer,gldemo,157404
cpu_timer,zed_camera_thread,7016869
^^^^^^^^^^
cpu_timer,zed_camera_thread,7095898
^^^^^^^^^^
App using position: -3
[1;32m[GL DEMO APP][0m Submitting frame to buffer 1, frametime 0.040002, FPS: 24.998953
cpu_timer,gldemo,183071
cpu_timer,timewarp_gl_gpu,55296
[1;36m[TIMEWARP][0m Motion-to-display latency: -39.2 ms, Exponential Average FPS: 18571.631
cpu_timer,timewarp_gl,302216
cpu_timer,zed_camera_thread,8010229
^^^^^^^^^^
cpu_timer,timewarp_gl_gpu,50176
[1;36m[TIMEWARP][0m Motion-to-display latency: -0.0 ms, Exponential Average FPS: 20296.258
cpu_timer,timewarp_gl,9640439
App using position: -3
[1;32m[GL DEMO APP][0m Submitting frame to buffer 0, frametime 0.016159, FPS: 61.884293
cpu_timer,zed_camera_thread,7003118
^^^^^^^^^^
cpu_timer,gldemo,10123688
cpu_timer,timewarp_gl_gpu,50176
[1;36m[TIMEWARP][0m Motion-to-display latency: -2.3 ms, Exponential Average FPS: 18274.355
cpu_timer,timewarp_gl,711194
cpu_timer,zed_camera_thread,7926725
Demo app shader program is program 3
Getting second/third order dodecahedron
Getting second/third order dodecahedron
^^^^^^^^^^
cpu_timer,zed_camera_thread,6629331
^^^^^^^^^^
cpu_timer,zed_camera_thread,6558378
^^^^^^^^^^
cpu_timer,zed_camera_thread,8127208
^^^^^^^^^^
cpu_timer,zed_camera_thread,7120064
^^^^^^^^^^
cpu_timer,audio_component,24972920
cpu_timer,zed_camera_thread,8059155
^^^^^^^^^^
cpu_timer,zed_camera_thread,7404047
App using position: -3
[1;32m[GL DEMO APP][0m Submitting frame to buffer 1, frametime 0.126677, FPS: 7.894067
cpu_timer,timewarp_gl_gpu,52224
cpu_timer,gldemo,204106
[1;36m[TIMEWARP][0m Motion-to-display latency: -101.8 ms, Exponential Average FPS: 16454.248
cpu_timer,timewarp_gl,249805
cpu_timer,audio_component,24950288
cpu_timer,debugview,15132326
^^^^^^^^^^
cpu_timer,timewarp_gl_gpu,52224
[1;36m[TIMEWARP][0m Motion-to-display latency: -0.0 ms, Exponential Average FPS: 25398.678
cpu_timer,timewarp_gl,11802739
App using position: -3
[1;32m[GL DEMO APP][0m Submitting frame to buffer 0, frametime 0.016190, FPS: 61.765163
cpu_timer,gldemo,103436
cpu_timer,debugview,1066988
cpu_timer,audio_component,24859158
cpu_timer,zed_camera_thread,7057903
cpu_timer,timewarp_gl_gpu,52224
App using position: -3
[1;32m[GL DEMO APP][0m Submitting frame to buffer 1, frametime 0.016827, FPS: 59.430515
cpu_timer,gldemo,168551
^^^^^^^^^^
cpu_timer,debugview,606362
[1;36m[TIMEWARP][0m Motion-to-display latency: -0.0 ms, Exponential Average FPS: 22969.885
cpu_timer,timewarp_gl,11721646
cpu_timer,timewarp_gl_gpu,50176
[1;36m[TIMEWARP][0m Motion-to-display latency: -0.0 ms, Exponential Average FPS: 20930.184
cpu_timer,timewarp_gl,13876394
cpu_timer,debugview,599373
cpu_timer,zed_camera_thread,7543695
App using position: -3
[1;32m[GL DEMO APP][0m Submitting frame to buffer 0, frametime 0.016282, FPS: 61.419178
cpu_timer,gldemo,179524
^^^^^^^^^^
cpu_timer,audio_component,24904869
cpu_timer,timewarp_gl_gpu,51200
[1;36m[TIMEWARP][0m Motion-to-display latency: -0.0 ms, Exponential Average FPS: 18888.260
cpu_timer,timewarp_gl,12902461
App using position: -3
[1;32m[GL DEMO APP][0m Submitting frame to buffer 1, frametime 0.016223, FPS: 61.640789
cpu_timer,gldemo,136259
cpu_timer,zed_camera_thread,7084254
cpu_timer,debugview,672366
cpu_timer,audio_component,24782841
^^^^^^^^^^
cpu_timer,timewarp_gl_gpu,51200
[1;36m[TIMEWARP][0m Motion-to-display latency: -0.0 ms, Exponential Average FPS: 17043.416
cpu_timer,timewarp_gl,14414106
cpu_timer,debugview,373591
App using position: -3
[1;32m[GL DEMO APP][0m Submitting frame to buffer 0, frametime 0.016178, FPS: 61.811489
cpu_timer,gldemo,97787
cpu_timer,zed_camera_thread,7957679
cpu_timer,timewarp_gl_gpu,51200
[1;36m[TIMEWARP][0m Motion-to-display latency: -0.0 ms, Exponential Average FPS: 15385.743
App using position: -3cpu_timer,timewarp_gl,11845856

[1;32m[GL DEMO APP][0m Submitting frame to buffer 1, frametime 0.016210, FPS: 61.689552
cpu_timer,gldemo,140607
cpu_timer,audio_component,25044886
cpu_timer,debugview,811623
^^^^^^^^^^
App using position: -3
[1;32m[GL DEMO APP][0m Submitting frame to buffer 0, frametime 0.016286, FPS: 61.402401
cpu_timer,gldemo,193605
cpu_timer,timewarp_gl_gpu,50176
[1;36m[TIMEWARP][0m Motion-to-display latency: -0.0 ms, Exponential Average FPS: 13860.972
cpu_timer,timewarp_gl,9245491
cpu_timer,debugview,597413
cpu_timer,zed_camera_thread,8589277
cpu_timer,audio_component,25071084
App using position: -3
[1;32m[GL DEMO APP][0m Submitting frame to buffer 1, frametime 0.016235, FPS: 61.594273
cpu_timer,gldemo,173019
cpu_timer,timewarp_gl_gpu,50176
[1;36m[TIMEWARP][0m Motion-to-display latency: -0.0 ms, Exponential Average FPS: 12488.930
cpu_timer,timewarp_gl,8573463
cpu_timer,debugview,1161388
App using position: -3
[1;32m[GL DEMO APP][0m Submitting frame to buffer 0, frametime 0.016305, FPS: 61.329906
cpu_timer,gldemo,221463
cpu_timer,timewarp_gl_gpu,51200
[1;36m[TIMEWARP][0m Motion-to-display latency: -0.1 ms, Exponential Average FPS: 11253.339
cpu_timer,timewarp_gl,8626450
^^^^^^^^^^
cpu_timer,debugview,527354
cpu_timer,audio_component,24997142
App using position: -3
[1;32m[GL DEMO APP][0m Submitting frame to buffer 1, frametime 0.016254, FPS: 61.521858
cpu_timer,gldemo,152029
cpu_timer,zed_camera_thread,8025401
cpu_timer,timewarp_gl_gpu,51200
^^^^^^^^^^
[1;36m[TIMEWARP][0m Motion-to-display latency: -0.1 ms, Exponential Average FPS: 10141.517
cpu_timer,timewarp_gl,7744059
cpu_timer,debugview,570026
cpu_timer,audio_component,24939979
App using position: -3
[1;32m[GL DEMO APP][0m Submitting frame to buffer 0, frametime 0.016244, FPS: 61.561153
cpu_timer,gldemo,181323
cpu_timer,timewarp_gl_gpu,50176
[1;36m[TIMEWARP][0m Motion-to-display latency: -0.1 ms, Exponential Average FPS: 9156.793
cpu_timer,timewarp_gl,8533797
cpu_timer,debugview,559206
cpu_timer,zed_camera_thread,7618352
^^^^^^^^^^
App using position: -3
[1;32m[GL DEMO APP][0m Submitting frame to buffer 1, frametime 0.016244, FPS: 61.561905
cpu_timer,gldemo,178218
cpu_timer,debugview,1289666
cpu_timer,zed_camera_thread,7159151
^^^^^^^^^^
cpu_timer,timewarp_gl_gpu,51200
[1;36m[TIMEWARP][0m Motion-to-display latency: -0.1 ms, Exponential Average FPS: 8253.929
cpu_timer,timewarp_gl,8054428
cpu_timer,audio_component,24918255
App using position: -3
[1;32m[GL DEMO APP][0m Submitting frame to buffer 0, frametime 0.018892, FPS: 52.932079
cpu_timer,timewarp_gl_gpu,50176
cpu_timer,gldemo,193176
[1;36m[TIMEWARP][0m Motion-to-display latency: -0.1 ms, Exponential Average FPS: 7449.547
cpu_timer,timewarp_gl,8498625
cpu_timer,debugview,510003
cpu_timer,zed_camera_thread,7215573
cpu_timer,audio_component,24824144
^^^^^^^^^^
App using position: -3
[1;32m[GL DEMO APP][0m Submitting frame to buffer 1, frametime 0.017391, FPS: 57.500183
cpu_timer,gldemo,245368
cpu_timer,timewarp_gl_gpu,50176
[1;36m[TIMEWARP][0m Motion-to-display latency: -0.0 ms, Exponential Average FPS: 6718.984
cpu_timer,timewarp_gl,9510246
cpu_timer,debugview,404783
cpu_timer,zed_camera_thread,9009812
^^^^^^^^^^
App using position: -3
[1;32m[GL DEMO APP][0m Submitting frame to buffer 0, frametime 0.016230, FPS: 61.613003
cpu_timer,gldemo,139618
cpu_timer,timewarp_gl_gpu,50176
[1;36m[TIMEWARP][0m Motion-to-display latency: -0.1 ms, Exponential Average FPS: 6058.758
cpu_timer,timewarp_gl,6187721
cpu_timer,audio_component,24884429
cpu_timer,zed_camera_thread,7946135
App using position: -3
[1;32m[GL DEMO APP][0m Submitting frame to buffer 1, frametime 0.016290, FPS: 61.389900
cpu_timer,gldemo,227718
^^^^^^^^^^
cpu_timer,timewarp_gl_gpu,50176
[1;36m[TIMEWARP][0m Motion-to-display latency: -0.1 ms, Exponential Average FPS: 5465.687
cpu_timer,timewarp_gl,4223494
cpu_timer,debugview,452925
cpu_timer,zed_camera_thread,7146886
cpu_timer,audio_component,25228443
^^^^^^^^^^
App using position: -3
[1;32m[GL DEMO APP][0m Submitting frame to buffer 0, frametime 0.016417, FPS: 60.912140
cpu_timer,gldemo,138602
cpu_timer,timewarp_gl_gpu,50176
[1;36m[TIMEWARP][0m Motion-to-display latency: -0.0 ms, Exponential Average FPS: 4930.310
cpu_timer,timewarp_gl,5442742
cpu_timer,debugview,318506
cpu_timer,zed_camera_thread,8421828
App using position: -3
[1;32m[GL DEMO APP][0m Submitting frame to buffer 1, frametime 0.016236, FPS: 61.594048
cpu_timer,gldemo,180848
^^^^^^^^^^
cpu_timer,audio_component,24878338
cpu_timer,timewarp_gl_gpu,49152
[1;36m[TIMEWARP][0m Motion-to-display latency: -0.1 ms, Exponential Average FPS: 4444.324
cpu_timer,timewarp_gl,1995215
cpu_timer,debugview,407802
App using position: -3
[1;32m[GL DEMO APP][0m Submitting frame to buffer 0, frametime 0.018401, FPS: 54.345013
cpu_timer,gldemo,183117
cpu_timer,timewarp_gl_gpu,50176
[1;36m[TIMEWARP][0m Motion-to-display latency: -0.1 ms, Exponential Average FPS: 4012.586
cpu_timer,timewarp_gl,203810
cpu_timer,zed_camera_thread,8218240
^^^^^^^^^^
cpu_timer,debugview,2086260
cpu_timer,audio_component,25098584
cpu_timer,timewarp_gl_gpu,52224
[1;36m[TIMEWARP][0m Motion-to-display latency: -0.0 ms, Exponential Average FPS: 3618.414
cpu_timer,timewarp_gl,709537
App using position: -3
[1;32m[GL DEMO APP][0m Submitting frame to buffer 1, frametime 0.016218, FPS: 61.659443
cpu_timer,gldemo,89754
cpu_timer,debugview,535771
cpu_timer,zed_camera_thread,8743304
^^^^^^^^^^
App using position: -3
[1;32m[GL DEMO APP][0m Submitting frame to buffer 0, frametime 0.016179, FPS: 61.809776
cpu_timer,gldemo,116611
cpu_timer,timewarp_gl_gpu,50176
[1;36m[TIMEWARP][0m Motion-to-display latency: -0.1 ms, Exponential Average FPS: 3263.152
cpu_timer,timewarp_gl,1621606
cpu_timer,debugview,381909
cpu_timer,audio_component,24953215
cpu_timer,zed_camera_thread,8399860
^^^^^^^^^^
App using position: -3
[1;32m[GL DEMO APP][0m Submitting frame to buffer 1, frametime 0.016153, FPS: 61.909328
cpu_timer,gldemo,129110
cpu_timer,timewarp_gl_gpu,50176
[1;36m[TIMEWARP][0m Motion-to-display latency: -0.0 ms, Exponential Average FPS: 2943.628
cpu_timer,timewarp_gl,2027003
cpu_timer,debugview,469566
cpu_timer,zed_camera_thread,8735519
App using position: -3
^^^^^^^^^^
[1;32m[GL DEMO APP][0m Submitting frame to buffer 0, frametime 0.016280, FPS: 61.426937
cpu_timer,gldemo,180563
cpu_timer,audio_component,24889288
cpu_timer,timewarp_gl_gpu,53248
[1;36m[TIMEWARP][0m Motion-to-display latency: -0.1 ms, Exponential Average FPS: 2656.127
cpu_timer,timewarp_gl,2340003
cpu_timer,debugview,526464
App using position: -3
[1;32m[GL DEMO APP][0m Submitting frame to buffer 1, frametime 0.016240, FPS: 61.575272
cpu_timer,gldemo,172761
cpu_timer,zed_camera_thread,8006671
cpu_timer,timewarp_gl_gpu,51200
^^^^^^^^^^
[1;36m[TIMEWARP][0m Motion-to-display latency: -0.0 ms, Exponential Average FPS: 2397.516
cpu_timer,timewarp_gl,668227
cpu_timer,audio_component,24902627
App using position: -3
[1;32m[GL DEMO APP][0m Submitting frame to buffer 0, frametime 0.016224, FPS: 61.637402
cpu_timer,gldemo,188651
cpu_timer,timewarp_gl_gpu,51200
[1;36m[TIMEWARP][0m Motion-to-display latency: -0.0 ms, Exponential Average FPS: 2169.326
cpu_timer,timewarp_gl,884020
cpu_timer,zed_camera_thread,7181951
^^^^^^^^^^
cpu_timer,debugview,576532
App using position: -3
[1;32m[GL DEMO APP][0m Submitting frame to buffer 1, frametime 0.016803, FPS: 59.513763
cpu_timer,gldemo,387855
cpu_timer,timewarp_gl_gpu,50176
cpu_timer,audio_component,25588637
[1;36m[TIMEWARP][0m Motion-to-display latency: -0.0 ms, Exponential Average FPS: 1958.569
cpu_timer,timewarp_gl,505281
cpu_timer,debugview,344190
cpu_timer,zed_camera_thread,10716980
^^^^^^^^^^
App using position: -3
[1;32m[GL DEMO APP][0m Submitting frame to buffer 0, frametime 0.017026, FPS: 58.734097
cpu_timer,gldemo,142159
cpu_timer,timewarp_gl_gpu,50176
[1;36m[TIMEWARP][0m Motion-to-display latency: -0.0 ms, Exponential Average FPS: 1769.336
cpu_timer,timewarp_gl,471226
cpu_timer,zed_camera_thread,6722602
cpu_timer,debugview,542134
^^^^^^^^^^
cpu_timer,audio_component,24844320
App using position: -3
[1;32m[GL DEMO APP][0m Submitting frame to buffer 1, frametime 0.016269, FPS: 61.466114
cpu_timer,gldemo,213178
cpu_timer,debugview,402526
cpu_timer,timewarp_gl_gpu,49152
[1;36m[TIMEWARP][0m Motion-to-display latency: -0.1 ms, Exponential Average FPS: 1598.450
cpu_timer,timewarp_gl,633475
cpu_timer,zed_camera_thread,8761718
App using position: -3
[1;32m[GL DEMO APP][0m Submitting frame to buffer 0, frametime 0.016250, FPS: 61.538837
cpu_timer,gldemo,134134
^^^^^^^^^^
cpu_timer,timewarp_gl_gpu,50176
[1;36m[TIMEWARP][0m Motion-to-display latency: -0.0 ms, Exponential Average FPS: 1444.861
cpu_timer,timewarp_gl,283446
cpu_timer,debugview,517840
cpu_timer,audio_component,24899681
cpu_timer,zed_camera_thread,7706478
App using position: -3
[1;32m[GL DEMO APP][0m Submitting frame to buffer 1, frametime 0.016224, FPS: 61.637234
cpu_timer,gldemo,176772
^^^^^^^^^^
cpu_timer,debugview,543566
cpu_timer,timewarp_gl_gpu,50176
[1;36m[TIMEWARP][0m Motion-to-display latency: -0.0 ms, Exponential Average FPS: 1305.663
cpu_timer,timewarp_gl,720409
cpu_timer,audio_component,24914898
cpu_timer,zed_camera_thread,8653806
App using position: -3
[1;32m[GL DEMO APP][0m Submitting frame to buffer 0, frametime 0.016349, FPS: 61.165192
cpu_timer,gldemo,298195
^^^^^^^^^^
cpu_timer,debugview,592630
cpu_timer,timewarp_gl_gpu,49152
[1;36m[TIMEWARP][0m Motion-to-display latency: -0.0 ms, Exponential Average FPS: 1181.753
cpu_timer,timewarp_gl,751386
cpu_timer,zed_camera_thread,8212945
App using position: -3
[1;32m[GL DEMO APP][0m Submitting frame to buffer 1, frametime 0.016237, FPS: 61.588200
cpu_timer,gldemo,201883
^^^^^^^^^^
cpu_timer,debugview,473987
cpu_timer,audio_component,24852902
cpu_timer,timewarp_gl_gpu,49152
[1;36m[TIMEWARP][0m Motion-to-display latency: -0.0 ms, Exponential Average FPS: 1069.839
cpu_timer,timewarp_gl,840324
cpu_timer,zed_camera_thread,9805795
App using position: -3
[1;32m[GL DEMO APP][0m Submitting frame to buffer 0, frametime 0.016242, FPS: 61.568531
cpu_timer,gldemo,195199
^^^^^^^^^^
cpu_timer,debugview,502090
cpu_timer,timewarp_gl_gpu,49152
[1;36m[TIMEWARP][0m Motion-to-display latency: -0.0 ms, Exponential Average FPS: 969.152
cpu_timer,timewarp_gl,1554935
cpu_timer,audio_component,24741624
cpu_timer,zed_camera_thread,7910529
App using position: -3
[1;32m[GL DEMO APP][0m Submitting frame to buffer 1, frametime 0.017895, FPS: 55.881409
cpu_timer,gldemo,189857
^^^^^^^^^^
cpu_timer,debugview,432166
cpu_timer,timewarp_gl_gpu,49152
[1;36m[TIMEWARP][0m Motion-to-display latency: -0.0 ms, Exponential Average FPS: 878.857
cpu_timer,timewarp_gl,1290128
cpu_timer,zed_camera_thread,7724085
App using position: -3
[1;32m[GL DEMO APP][0m Submitting frame to buffer 0, frametime 0.016376, FPS: 61.065212
cpu_timer,gldemo,271523
^^^^^^^^^^
cpu_timer,audio_component,24858731
cpu_timer,timewarp_gl_gpu,51200
[1;36m[TIMEWARP][0m Motion-to-display latency: -0.0 ms, Exponential Average FPS: 797.452
cpu_timer,timewarp_gl,1119192
cpu_timer,zed_camera_thread,7454715
App using position: -3
[1;32m[GL DEMO APP][0m Submitting frame to buffer 1, frametime 0.016248, FPS: 61.545853
cpu_timer,gldemo,185917
cpu_timer,debugview,655685
cpu_timer,debugview,493947
cpu_timer,timewarp_gl_gpu,50176
[1;36m[TIMEWARP][0m Motion-to-display latency: -0.0 ms, Exponential Average FPS: 724.137
cpu_timer,timewarp_gl,252862
cpu_timer,audio_component,25116202
App using position: -3
[1;32m[GL DEMO APP][0m Submitting frame to buffer 0, frametime 0.016346, FPS: 61.178528
cpu_timer,gldemo,283379
^^^^^^^^^^
cpu_timer,debugview,311458
cpu_timer,timewarp_gl_gpu,51200
[1;36m[TIMEWARP][0m Motion-to-display latency: -0.0 ms, Exponential Average FPS: 657.857
cpu_timer,timewarp_gl,394681
cpu_timer,zed_camera_thread,7774945
cpu_timer,debugview,470447
cpu_timer,audio_component,24998720
App using position: -3
[1;32m[GL DEMO APP][0m Submitting frame to buffer 1, frametime 0.022979, FPS: 43.519157
cpu_timer,gldemo,165494
cpu_timer,timewarp_gl_gpu,49152
[1;36m[TIMEWARP][0m Motion-to-display latency: -0.1 ms, Exponential Average FPS: 598.223
cpu_timer,timewarp_gl,257207
^^^^^^^^^^
cpu_timer,zed_camera_thread,3944616
^^^^^^^^^^
App using position: -3
[1;32m[GL DEMO APP][0m Submitting frame to buffer 0, frametime 0.016300, FPS: 61.351112
cpu_timer,gldemo,106532
cpu_timer,debugview,518030
cpu_timer,timewarp_gl_gpu,50176
[1;36m[TIMEWARP][0m Motion-to-display latency: -0.0 ms, Exponential Average FPS: 544.505
cpu_timer,timewarp_gl,1037400
cpu_timer,audio_component,24835339
cpu_timer,zed_camera_thread,8418122
^^^^^^^^^^
App using position: -3
[1;32m[GL DEMO APP][0m Submitting frame to buffer 1, frametime 0.016177, FPS: 61.815384
cpu_timer,gldemo,118933
cpu_timer,timewarp_gl_gpu,51200
[1;36m[TIMEWARP][0m Motion-to-display latency: -0.0 ms, Exponential Average FPS: 497.070
cpu_timer,timewarp_gl,888007
cpu_timer,debugview,548087
cpu_timer,zed_camera_thread,8351837
^^^^^^^^^^
App using position: -3
[1;32m[GL DEMO APP][0m Submitting frame to buffer 0, frametime 0.016187, FPS: 61.776871
cpu_timer,gldemo,118252
cpu_timer,audio_component,24871456
cpu_timer,timewarp_gl_gpu,50176
[1;36m[TIMEWARP][0m Motion-to-display latency: -0.0 ms, Exponential Average FPS: 453.669
cpu_timer,timewarp_gl,377115
cpu_timer,debugview,554259
cpu_timer,zed_camera_thread,8394775
^^^^^^^^^^
App using position: -3
[1;32m[GL DEMO APP][0m Submitting frame to buffer 1, frametime 0.016210, FPS: 61.689770
cpu_timer,gldemo,159565
cpu_timer,debugview,2235833
cpu_timer,timewarp_gl_gpu,50176
[1;36m[TIMEWARP][0m Motion-to-display latency: -0.0 ms, Exponential Average FPS: 414.420
cpu_timer,timewarp_gl,1179668
cpu_timer,zed_camera_thread,7295357
cpu_timer,audio_component,24831197
cpu_timer,debugview,462552
App using position: -3
[1;32m[GL DEMO APP][0m Submitting frame to buffer 0, frametime 0.016166, FPS: 61.858707
cpu_timer,gldemo,92691
cpu_timer,timewarp_gl_gpu,49152
[1;36m[TIMEWARP][0m Motion-to-display latency: -0.1 ms, Exponential Average FPS: 379.412
cpu_timer,timewarp_gl,307718
App using position: -3
[1;32m[GL DEMO APP][0m Submitting frame to buffer 1, frametime 0.016221, FPS: 61.649174
cpu_timer,gldemo,179451
cpu_timer,debugview,428066
cpu_timer,audio_component,24925132
^^^^^^^^^^
cpu_timer,timewarp_gl_gpu,49152
[1;36m[TIMEWARP][0m Motion-to-display latency: -0.0 ms, Exponential Average FPS: 347.565
cpu_timer,timewarp_gl,1243467
cpu_timer,zed_camera_thread,3850958
^^^^^^^^^^
App using position: -3
[1;32m[GL DEMO APP][0m Submitting frame to buffer 0, frametime 0.016212, FPS: 61.683537
cpu_timer,gldemo,147727
cpu_timer,timewarp_gl_gpu,49152
[1;36m[TIMEWARP][0m Motion-to-display latency: -0.0 ms, Exponential Average FPS: 319.286
cpu_timer,timewarp_gl,264623
cpu_timer,zed_camera_thread,7124167
cpu_timer,audio_component,24951891
cpu_timer,debugview,815859
App using position: -3
[1;32m[GL DEMO APP][0m Submitting frame to buffer 1, frametime 0.016165, FPS: 61.860989
cpu_timer,gldemo,101819
^^^^^^^^^^
cpu_timer,debugview,611822
cpu_timer,timewarp_gl_gpu,49152
[1;36m[TIMEWARP][0m Motion-to-display latency: -0.1 ms, Exponential Average FPS: 293.435
cpu_timer,timewarp_gl,1247677
cpu_timer,zed_camera_thread,7188101
^^^^^^^^^^
App using position: -3
[1;32m[GL DEMO APP][0m Submitting frame to buffer 0, frametime 0.016156, FPS: 61.898289
cpu_timer,gldemo,115287
cpu_timer,debugview,570861
cpu_timer,audio_component,25049623
cpu_timer,timewarp_gl_gpu,51200
[1;36m[TIMEWARP][0m Motion-to-display latency: -0.0 ms, Exponential Average FPS: 270.714
cpu_timer,timewarp_gl,475802
cpu_timer,zed_camera_thread,9579844
App using position: -3
[1;32m[GL DEMO APP][0m Submitting frame to buffer 1, frametime 0.016374, FPS: 61.071213
cpu_timer,gldemo,207723
^^^^^^^^^^
cpu_timer,debugview,473124
cpu_timer,timewarp_gl_gpu,49152
[1;36m[TIMEWARP][0m Motion-to-display latency: -0.0 ms, Exponential Average FPS: 251.404
cpu_timer,timewarp_gl,1213315
cpu_timer,zed_camera_thread,8999253
cpu_timer,audio_component,24857644
App using position: -3
[1;32m[GL DEMO APP][0m Submitting frame to buffer 0, frametime 0.016509, FPS: 60.574352
cpu_timer,gldemo,130701
^^^^^^^^^^
cpu_timer,debugview,402658
cpu_timer,timewarp_gl_gpu,48128
[1;36m[TIMEWARP][0m Motion-to-display latency: -0.0 ms, Exponential Average FPS: 232.712
cpu_timer,timewarp_gl,252517
cpu_timer,zed_camera_thread,8241185
App using position: -3
[1;32m[GL DEMO APP][0m Submitting frame to buffer 1, frametime 0.016193, FPS: 61.755318
cpu_timer,gldemo,160103
^^^^^^^^^^
cpu_timer,debugview,468832
cpu_timer,audio_component,24822115
cpu_timer,timewarp_gl_gpu,49152
[1;36m[TIMEWARP][0m Motion-to-display latency: -0.0 ms, Exponential Average FPS: 215.528
cpu_timer,timewarp_gl,674629
cpu_timer,zed_camera_thread,8652659
App using position: -3
[1;32m[GL DEMO APP][0m Submitting frame to buffer 0, frametime 0.016306, FPS: 61.329247
cpu_timer,gldemo,262470
^^^^^^^^^^
cpu_timer,debugview,587681
cpu_timer,timewarp_gl_gpu,50176
[1;36m[TIMEWARP][0m Motion-to-display latency: -0.0 ms, Exponential Average FPS: 200.224
cpu_timer,timewarp_gl,580295
cpu_timer,zed_camera_thread,8588949
cpu_timer,audio_component,24716814
App using position: -3
[1;32m[GL DEMO APP][0m Submitting frame to buffer 1, frametime 0.016353, FPS: 61.152470
cpu_timer,gldemo,255292
^^^^^^^^^^
cpu_timer,debugview,427829
cpu_timer,timewarp_gl_gpu,49152
[1;36m[TIMEWARP][0m Motion-to-display latency: -0.1 ms, Exponential Average FPS: 186.395
cpu_timer,timewarp_gl,309360
cpu_timer,zed_camera_thread,7937586
App using position: -3
[1;32m[GL DEMO APP][0m Submitting frame to buffer 0, frametime 0.016320, FPS: 61.275921
cpu_timer,gldemo,262619
^^^^^^^^^^
cpu_timer,debugview,531560
cpu_timer,audio_component,24793804
cpu_timer,timewarp_gl_gpu,49152
[1;36m[TIMEWARP][0m Motion-to-display latency: -0.1 ms, Exponential Average FPS: 173.865
cpu_timer,timewarp_gl,357683
cpu_timer,zed_camera_thread,8110436
App using position: -3
[1;32m[GL DEMO APP][0m Submitting frame to buffer 1, frametime 0.016238, FPS: 61.583664
cpu_timer,gldemo,198363
cpu_timer,debugview,389631
cpu_timer,timewarp_gl_gpu,50176
[1;36m[TIMEWARP][0m Motion-to-display latency: -0.1 ms, Exponential Average FPS: 162.589
cpu_timer,timewarp_gl,1607455
^^^^^^^^^^
cpu_timer,audio_component,24813135
App using position: -3
[1;32m[GL DEMO APP][0m Submitting frame to buffer 0, frametime 0.016210, FPS: 61.690807
cpu_timer,gldemo,175207
cpu_timer,zed_camera_thread,3950337
^^^^^^^^^^
cpu_timer,timewarp_gl_gpu,50176
[1;36m[TIMEWARP][0m Motion-to-display latency: -0.0 ms, Exponential Average FPS: 152.950
cpu_timer,timewarp_gl,1621057
cpu_timer,debugview,968747
App using position: -3
cpu_timer,zed_camera_thread,7926228
[1;32m[GL DEMO APP][0m Submitting frame to buffer 1, frametime 0.017346, FPS: 57.648888
cpu_timer,gldemo,215078
cpu_timer,debugview,626220
^^^^^^^^^^
cpu_timer,audio_component,25593855
cpu_timer,timewarp_gl_gpu,50176
[1;36m[TIMEWARP][0m Motion-to-display latency: -0.0 ms, Exponential Average FPS: 144.277
cpu_timer,timewarp_gl,1780512
App using position: -3
[1;32m[GL DEMO APP][0m Submitting frame to buffer 0, frametime 0.017797, FPS: 56.188023
cpu_timer,gldemo,165791
cpu_timer,debugview,502465
cpu_timer,zed_camera_thread,7566417
cpu_timer,timewarp_gl_gpu,50176
[1;36m[TIMEWARP][0m Motion-to-display latency: -0.0 ms, Exponential Average FPS: 136.540
cpu_timer,timewarp_gl,255565
cpu_timer,audio_component,24887051
^^^^^^^^^^
App using position: -3
[1;32m[GL DEMO APP][0m Submitting frame to buffer 1, frametime 0.019342, FPS: 51.701824
cpu_timer,gldemo,134442
cpu_timer,debugview,510157
cpu_timer,timewarp_gl_gpu,49152
[1;36m[TIMEWARP][0m Motion-to-display latency: -0.1 ms, Exponential Average FPS: 128.961
cpu_timer,timewarp_gl,431119
cpu_timer,zed_camera_thread,7011756
cpu_timer,debugview,473224
^^^^^^^^^^
App using position: -3
[1;32m[GL DEMO APP][0m Submitting frame to buffer 0, frametime 0.020073, FPS: 49.818848
cpu_timer,gldemo,97115
cpu_timer,audio_component,24811538
cpu_timer,timewarp_gl_gpu,49152
[1;36m[TIMEWARP][0m Motion-to-display latency: -0.0 ms, Exponential Average FPS: 122.208
cpu_timer,timewarp_gl,2955479
cpu_timer,zed_camera_thread,7877595
cpu_timer,debugview,541730
^^^^^^^^^^
App using position: -3
[1;32m[GL DEMO APP][0m Submitting frame to buffer 1, frametime 0.016175, FPS: 61.825687
cpu_timer,gldemo,131429
cpu_timer,timewarp_gl_gpu,50176
[1;36m[TIMEWARP][0m Motion-to-display latency: -0.0 ms, Exponential Average FPS: 117.270
cpu_timer,timewarp_gl,2389263
cpu_timer,zed_camera_thread,7130171
cpu_timer,audio_component,24832953
cpu_timer,debugview,553320
App using position: -3
[1;32m[GL DEMO APP][0m Submitting frame to buffer 0, frametime 0.016188, FPS: 61.774742
cpu_timer,gldemo,131185
cpu_timer,timewarp_gl_gpu,50176
[1;36m[TIMEWARP][0m Motion-to-display latency: -0.0 ms, Exponential Average FPS: 112.525
cpu_timer,timewarp_gl,245420
^^^^^^^^^^
cpu_timer,debugview,441488
App using position: -3
[1;32m[GL DEMO APP][0m Submitting frame to buffer 1, frametime 0.016168, FPS: 61.851860
cpu_timer,gldemo,102808
cpu_timer,timewarp_gl_gpu,47104
[1;36m[TIMEWARP][0m Motion-to-display latency: -0.1 ms, Exponential Average FPS: 107.340
cpu_timer,timewarp_gl,356193
cpu_timer,audio_component,24881024
cpu_timer,zed_camera_thread,8414315
^^^^^^^^^^
cpu_timer,debugview,484594
App using position: -3
[1;32m[GL DEMO APP][0m Submitting frame to buffer 0, frametime 0.016164, FPS: 61.864670
cpu_timer,gldemo,103810
cpu_timer,timewarp_gl_gpu,50176
[1;36m[TIMEWARP][0m Motion-to-display latency: -0.0 ms, Exponential Average FPS: 102.717
cpu_timer,timewarp_gl,518928
cpu_timer,zed_camera_thread,7851891
cpu_timer,audio_component,24796531
^^^^^^^^^^
cpu_timer,debugview,456143
App using position: -3
[1;32m[GL DEMO APP][0m Submitting frame to buffer 1, frametime 0.016182, FPS: 61.799179
cpu_timer,gldemo,127630
cpu_timer,timewarp_gl_gpu,49152
[1;36m[TIMEWARP][0m Motion-to-display latency: -0.0 ms, Exponential Average FPS: 98.616
cpu_timer,timewarp_gl,288252
cpu_timer,zed_camera_thread,8701420
cpu_timer,debugview,1011189
App using position: -3
[1;32m[GL DEMO APP][0m Submitting frame to buffer 0, frametime 0.016150, FPS: 61.920380
^^^^^^^^^^
cpu_timer,gldemo,97716
cpu_timer,timewarp_gl_gpu,49152
[1;36m[TIMEWARP][0m Motion-to-display latency: -0.0 ms, Exponential Average FPS: 94.840
cpu_timer,audio_component,25256797
cpu_timer,timewarp_gl,960322
cpu_timer,zed_camera_thread,8165608
App using position: -3
cpu_timer,debugview,454978
[1;32m[GL DEMO APP][0m Submitting frame to buffer 1, frametime 0.016869, FPS: 59.281189
cpu_timer,gldemo,162609
^^^^^^^^^^
cpu_timer,timewarp_gl_gpu,49152
[1;36m[TIMEWARP][0m Motion-to-display latency: -0.1 ms, Exponential Average FPS: 91.664
cpu_timer,timewarp_gl,1216893
cpu_timer,audio_component,24862362
cpu_timer,zed_camera_thread,8159972
App using position: -3
[1;32m[GL DEMO APP][0m Submitting frame to buffer 0, frametime 0.016152, FPS: 61.913609
cpu_timer,gldemo,106474
cpu_timer,debugview,401790
cpu_timer,timewarp_gl_gpu,49152
[1;36m[TIMEWARP][0m Motion-to-display latency: -0.1 ms, Exponential Average FPS: 89.094
cpu_timer,timewarp_gl,270674
^^^^^^^^^^
App using position: -3
[1;32m[GL DEMO APP][0m Submitting frame to buffer 1, frametime 0.016190, FPS: 61.768013
cpu_timer,gldemo,125481
cpu_timer,debugview,362579
cpu_timer,timewarp_gl_gpu,49152
[1;36m[TIMEWARP][0m Motion-to-display latency: -0.1 ms, Exponential Average FPS: 86.262
cpu_timer,timewarp_gl,318327
cpu_timer,audio_component,24915094
cpu_timer,zed_camera_thread,8319199
^^^^^^^^^^
App using position: -3
[1;32m[GL DEMO APP][0m Submitting frame to buffer 0, frametime 0.016210, FPS: 61.690876
cpu_timer,gldemo,2925897
cpu_timer,debugview,569956
cpu_timer,timewarp_gl_gpu,49152
[1;36m[TIMEWARP][0m Motion-to-display latency: -0.0 ms, Exponential Average FPS: 83.813
cpu_timer,timewarp_gl,270081
cpu_timer,zed_camera_thread,7860043
cpu_timer,audio_component,24917579
^^^^^^^^^^
cpu_timer,debugview,555750
App using position: -3
[1;32m[GL DEMO APP][0m Submitting frame to buffer 1, frametime 0.019063, FPS: 52.458801
cpu_timer,gldemo,116717
cpu_timer,timewarp_gl_gpu,49152
[1;36m[TIMEWARP][0m Motion-to-display latency: -0.1 ms, Exponential Average FPS: 81.464
cpu_timer,timewarp_gl,282116
cpu_timer,zed_camera_thread,8382878
App using position: -3
[1;32m[GL DEMO APP][0m Submitting frame to buffer 0, frametime 0.016202, FPS: 61.719368
cpu_timer,gldemo,161916
cpu_timer,debugview,467077
cpu_timer,timewarp_gl_gpu,49152
[1;36m[TIMEWARP][0m Motion-to-display latency: -0.0 ms, Exponential Average FPS: 79.416
cpu_timer,timewarp_gl,204575
cpu_timer,audio_component,24787147
^^^^^^^^^^
App using position: -3
cpu_timer,debugview,522382
[1;32m[GL DEMO APP][0m Submitting frame to buffer 1, frametime 0.021160, FPS: 47.259327
cpu_timer,gldemo,184554
cpu_timer,timewarp_gl_gpu,50176
[1;36m[TIMEWARP][0m Motion-to-display latency: -1.7 ms, Exponential Average FPS: 77.532
cpu_timer,timewarp_gl,250247
cpu_timer,zed_camera_thread,7849374
cpu_timer,audio_component,24867483
^^^^^^^^^^
cpu_timer,debugview,564393
cpu_timer,timewarp_gl_gpu,51200
[1;36m[TIMEWARP][0m Motion-to-display latency: -0.1 ms, Exponential Average FPS: 76.551
cpu_timer,timewarp_gl,367240
App using position: -3
[1;32m[GL DEMO APP][0m Submitting frame to buffer 0, frametime 0.017110, FPS: 58.447041
cpu_timer,gldemo,140216
cpu_timer,zed_camera_thread,7650015
cpu_timer,debugview,556099
^^^^^^^^^^
App using position: -3
[1;32m[GL DEMO APP][0m Submitting frame to buffer 1, frametime 0.016143, FPS: 61.947353
cpu_timer,gldemo,137388
cpu_timer,timewarp_gl_gpu,49152
[1;36m[TIMEWARP][0m Motion-to-display latency: -0.0 ms, Exponential Average FPS: 75.011
cpu_timer,timewarp_gl,689919
cpu_timer,zed_camera_thread,7251579
cpu_timer,audio_component,29067064
cpu_timer,debugview,766094
App using position: -3
[1;32m[GL DEMO APP][0m Submitting frame to buffer 0, frametime 0.016231, FPS: 61.612400
cpu_timer,gldemo,154246
cpu_timer,timewarp_gl_gpu,49152
[1;36m[TIMEWARP][0m Motion-to-display latency: -0.0 ms, Exponential Average FPS: 73.821
cpu_timer,timewarp_gl,197704
^^^^^^^^^^
cpu_timer,debugview,592467
cpu_timer,audio_component,23431374
App using position: -3
[1;32m[GL DEMO APP][0m Submitting frame to buffer 1, frametime 0.016324, FPS: 61.260170
cpu_timer,gldemo,227908
cpu_timer,zed_camera_thread,7734522
cpu_timer,timewarp_gl_gpu,49152
[1;36m[TIMEWARP][0m Motion-to-display latency: -2.5 ms, Exponential Average FPS: 72.100
cpu_timer,timewarp_gl,251743
^^^^^^^^^^
cpu_timer,debugview,446993
cpu_timer,timewarp_gl_gpu,48128
[1;36m[TIMEWARP][0m Motion-to-display latency: -0.1 ms, Exponential Average FPS: 72.004
cpu_timer,timewarp_gl,280587
App using position: -3
[1;32m[GL DEMO APP][0m Submitting frame to buffer 0, frametime 0.019977, FPS: 50.057510
cpu_timer,gldemo,102876
cpu_timer,audio_component,24709682
cpu_timer,zed_camera_thread,8075167
^^^^^^^^^^
cpu_timer,debugview,409596
cpu_timer,timewarp_gl_gpu,49152
[1;36m[TIMEWARP][0m Motion-to-display latency: -0.1 ms, Exponential Average FPS: 70.933
cpu_timer,timewarp_gl,321856
App using position: -3
[1;32m[GL DEMO APP][0m Submitting frame to buffer 1, frametime 0.016182, FPS: 61.795540
cpu_timer,gldemo,104028
cpu_timer,zed_camera_thread,9229801
^^^^^^^^^^
cpu_timer,debugview,493938
cpu_timer,timewarp_gl_gpu,51200
[1;36m[TIMEWARP][0m Motion-to-display latency: -0.0 ms, Exponential Average FPS: 69.937
cpu_timer,timewarp_gl,370842
App using position: -3
[1;32m[GL DEMO APP][0m Submitting frame to buffer 0, frametime 0.016160, FPS: 61.879951
cpu_timer,gldemo,101163
cpu_timer,audio_component,28240152
cpu_timer,zed_camera_thread,8169975
^^^^^^^^^^
cpu_timer,debugview,559430
App using position: -3
cpu_timer,timewarp_gl_gpu,49152
[1;32m[GL DEMO APP][0m Submitting frame to buffer 1, frametime 0.016222, FPS: 61.645367
cpu_timer,gldemo,142415
[1;36m[TIMEWARP][0m Motion-to-display latency: -0.0 ms, Exponential Average FPS: 69.073
cpu_timer,timewarp_gl,240983
cpu_timer,zed_camera_thread,8075033
^^^^^^^^^^
cpu_timer,audio_component,23989994
cpu_timer,debugview,513698
App using position: -3
[1;32m[GL DEMO APP][0m Submitting frame to buffer 0, frametime 0.016154, FPS: 61.904976
cpu_timer,gldemo,133010
cpu_timer,timewarp_gl_gpu,49152
[1;36m[TIMEWARP][0m Motion-to-display latency: -0.1 ms, Exponential Average FPS: 68.032
cpu_timer,timewarp_gl,637117
cpu_timer,debugview,567705
cpu_timer,zed_camera_thread,9051374
^^^^^^^^^^
App using position: -3
[1;32m[GL DEMO APP][0m Submitting frame to buffer 1, frametime 0.016155, FPS: 61.899033
cpu_timer,gldemo,124027
cpu_timer,audio_component,23742070
cpu_timer,timewarp_gl_gpu,49152
[1;36m[TIMEWARP][0m Motion-to-display latency: -0.0 ms, Exponential Average FPS: 67.511
cpu_timer,timewarp_gl,278909
cpu_timer,debugview,435819
cpu_timer,zed_camera_thread,9678752
App using position: -3
[1;32m[GL DEMO APP][0m Submitting frame to buffer 0, frametime 0.017939, FPS: 55.745327
cpu_timer,gldemo,161531
^^^^^^^^^^
cpu_timer,timewarp_gl_gpu,50176
[1;36m[TIMEWARP][0m Motion-to-display latency: -0.0 ms, Exponential Average FPS: 66.657
cpu_timer,timewarp_gl,2073870
cpu_timer,debugview,398238
cpu_timer,zed_camera_thread,7932136
App using position: -3
[1;32m[GL DEMO APP][0m Submitting frame to buffer 1, frametime 0.016186, FPS: 61.780994
cpu_timer,gldemo,120514
^^^^^^^^^^
cpu_timer,audio_component,28637848
cpu_timer,timewarp_gl_gpu,49152
[1;36m[TIMEWARP][0m Motion-to-display latency: -0.0 ms, Exponential Average FPS: 66.979
cpu_timer,timewarp_gl,2285399
cpu_timer,debugview,458374
cpu_timer,zed_camera_thread,8477255
App using position: -3
[1;32m[GL DEMO APP][0m Submitting frame to buffer 0, frametime 0.016199, FPS: 61.731991
cpu_timer,gldemo,172532
^^^^^^^^^^
cpu_timer,timewarp_gl_gpu,50176
[1;36m[TIMEWARP][0m Motion-to-display latency: -0.0 ms, Exponential Average FPS: 67.272
cpu_timer,timewarp_gl,570486
App using position: -3
[1;32m[GL DEMO APP][0m Submitting frame to buffer 1, frametime 0.016298, FPS: 61.359718
cpu_timer,audio_component,31159544
cpu_timer,gldemo,235128
cpu_timer,zed_camera_thread,8343013
cpu_timer,debugview,528448
cpu_timer,timewarp_gl_gpu,48128
[1;36m[TIMEWARP][0m Motion-to-display latency: -0.1 ms, Exponential Average FPS: 66.734
cpu_timer,timewarp_gl,318071
^^^^^^^^^^
cpu_timer,debugview,421427
App using position: -3
[1;32m[GL DEMO APP][0m Submitting frame to buffer 0, frametime 0.016146, FPS: 61.936054
cpu_timer,gldemo,94376
cpu_timer,zed_camera_thread,9119367
^^^^^^^^^^
cpu_timer,timewarp_gl_gpu,50176
[1;36m[TIMEWARP][0m Motion-to-display latency: -0.0 ms, Exponential Average FPS: 66.199
cpu_timer,timewarp_gl,1478517
cpu_timer,debugview,429342
cpu_timer,audio_component,29155886
cpu_timer,zed_camera_thread,7885849
App using position: -3
[1;32m[GL DEMO APP][0m Submitting frame to buffer 1, frametime 0.016669, FPS: 59.992390
^^^^^^^^^^
cpu_timer,gldemo,154317
cpu_timer,timewarp_gl_gpu,49152
[1;36m[TIMEWARP][0m Motion-to-display latency: -0.7 ms, Exponential Average FPS: 66.160
cpu_timer,timewarp_gl,2294637
cpu_timer,zed_camera_thread,7499961
^^^^^^^^^^
cpu_timer,debugview,437440
cpu_timer,timewarp_gl_gpu,51200
[1;36m[TIMEWARP][0m Motion-to-display latency: -0.1 ms, Exponential Average FPS: 66.789
cpu_timer,timewarp_gl,762560
App using position: -3
[1;32m[GL DEMO APP][0m Submitting frame to buffer 0, frametime 0.022837, FPS: 43.788361
cpu_timer,gldemo,139276
cpu_timer,audio_component,28093431
cpu_timer,debugview,310563
cpu_timer,zed_camera_thread,8028091
^^^^^^^^^^
cpu_timer,timewarp_gl_gpu,49152
[1;36m[TIMEWARP][0m Motion-to-display latency: -0.0 ms, Exponential Average FPS: 66.391
cpu_timer,timewarp_gl,2007139
App using position: -3
[1;32m[GL DEMO APP][0m Submitting frame to buffer 1, frametime 0.016146, FPS: 61.934837
cpu_timer,gldemo,83266
cpu_timer,debugview,460581
cpu_timer,zed_camera_thread,8185141
cpu_timer,audio_component,22420081
cpu_timer,timewarp_gl_gpu,49152
[1;36m[TIMEWARP][0m Motion-to-display latency: -0.1 ms, Exponential Average FPS: 66.557
cpu_timer,timewarp_gl,268183
App using position: -3
[1;32m[GL DEMO APP][0m Submitting frame to buffer 0, frametime 0.016209, FPS: 61.692677
cpu_timer,gldemo,159645
^^^^^^^^^^
cpu_timer,debugview,418820
cpu_timer,audio_component,20368602
cpu_timer,timewarp_gl_gpu,49152
[1;36m[TIMEWARP][0m Motion-to-display latency: -0.0 ms, Exponential Average FPS: 66.011
cpu_timer,zed_camera_thread,7873317
cpu_timer,timewarp_gl,231368
App using position: -3
[1;32m[GL DEMO APP][0m Submitting frame to buffer 1, frametime 0.016174, FPS: 61.827778
cpu_timer,gldemo,112224
^^^^^^^^^^
cpu_timer,debugview,441718
cpu_timer,timewarp_gl_gpu,50176
[1;36m[TIMEWARP][0m Motion-to-display latency: -0.0 ms, Exponential Average FPS: 65.474
cpu_timer,timewarp_gl,207441
App using position: -3
[1;32m[GL DEMO APP][0m Submitting frame to buffer 0, frametime 0.016156, FPS: 61.896572
cpu_timer,gldemo,100720
cpu_timer,zed_camera_thread,7352485
cpu_timer,audio_component,22968000
cpu_timer,debugview,442331
^^^^^^^^^^
cpu_timer,timewarp_gl_gpu,48128
[1;36m[TIMEWARP][0m Motion-to-display latency: -0.1 ms, Exponential Average FPS: 64.981
App using position: cpu_timer,timewarp_gl,321514
-3
[1;32m[GL DEMO APP][0m Submitting frame to buffer 1, frametime 0.016179, FPS: 61.807117
cpu_timer,gldemo,119996
cpu_timer,zed_camera_thread,4327454
cpu_timer,debugview,927719
^^^^^^^^^^
cpu_timer,audio_component,26849029
App using position: -3
[1;32m[GL DEMO APP][0m Submitting frame to buffer 0, frametime 0.016285, FPS: 61.407204
cpu_timer,gldemo,217508
cpu_timer,timewarp_gl_gpu,50176
[1;36m[TIMEWARP][0m Motion-to-display latency: -0.0 ms, Exponential Average FPS: 64.542
cpu_timer,timewarp_gl,1552861
cpu_timer,debugview,953376
cpu_timer,zed_camera_thread,9358055
^^^^^^^^^^
App using position: -3
[1;32m[GL DEMO APP][0m Submitting frame to buffer 1, frametime 0.016212, FPS: 61.684715
cpu_timer,gldemo,119890
cpu_timer,timewarp_gl_gpu,50176
[1;36m[TIMEWARP][0m Motion-to-display latency: -0.0 ms, Exponential Average FPS: 64.708
cpu_timer,timewarp_gl,1245849
cpu_timer,debugview,1723241
cpu_timer,audio_component,28669547
cpu_timer,zed_camera_thread,6973845
App using position: -3
[1;32m[GL DEMO APP][0m Submitting frame to buffer 0, frametime 0.016208, FPS: 61.697956
cpu_timer,gldemo,153982
^^^^^^^^^^
cpu_timer,timewarp_gl_gpu,50176
[1;36m[TIMEWARP][0m Motion-to-display latency: -0.0 ms, Exponential Average FPS: 64.698
cpu_timer,timewarp_gl,1741320
cpu_timer,debugview,484717
App using position: -3
[1;32m[GL DEMO APP][0m Submitting frame to buffer 1, frametime 0.016200, FPS: 61.729210
cpu_timer,gldemo,137337
cpu_timer,timewarp_gl_gpu,50176
[1;36m[TIMEWARP][0m Motion-to-display latency: -0.0 ms, Exponential Average FPS: 66.334
cpu_timer,timewarp_gl,274459
cpu_timer,zed_camera_thread,8183762
^^^^^^^^^^
cpu_timer,audio_component,27953619
cpu_timer,debugview,440749
App using position: -3
[1;32m[GL DEMO APP][0m Submitting frame to buffer 0, frametime 0.016179, FPS: 61.807804
cpu_timer,gldemo,104440
cpu_timer,timewarp_gl_gpu,48128
[1;36m[TIMEWARP][0m Motion-to-display latency: -0.0 ms, Exponential Average FPS: 65.870
cpu_timer,timewarp_gl,277894
cpu_timer,zed_camera_thread,7403433
^^^^^^^^^^
cpu_timer,debugview,484517
cpu_timer,audio_component,23931393
App using position: -3
[1;32m[GL DEMO APP][0m Submitting frame to buffer 1, frametime 0.016240, FPS: 61.577587
cpu_timer,gldemo,180928
cpu_timer,timewarp_gl_gpu,49152
[1;36m[TIMEWARP][0m Motion-to-display latency: -0.0 ms, Exponential Average FPS: 65.402
cpu_timer,timewarp_gl,274962
cpu_timer,zed_camera_thread,7856708
^^^^^^^^^^
cpu_timer,debugview,464948
App using position: -3
[1;32m[GL DEMO APP][0m Submitting frame to buffer 0, frametime 0.016202, FPS: 61.720692
cpu_timer,gldemo,151006
cpu_timer,timewarp_gl_gpu,48128
[1;36m[TIMEWARP][0m Motion-to-display latency: -0.0 ms, Exponential Average FPS: 64.945
cpu_timer,timewarp_gl,266282
cpu_timer,zed_camera_thread,8211861
^^^^^^^^^^
cpu_timer,audio_component,27092776
cpu_timer,debugview,583515
App using position: -3
[1;32m[GL DEMO APP][0m Submitting frame to buffer 1, frametime 0.016133, FPS: 61.983757
cpu_timer,gldemo,106936
cpu_timer,zed_camera_thread,6814999
cpu_timer,timewarp_gl_gpu,49152
[1;36m[TIMEWARP][0m Motion-to-display latency: -0.0 ms, Exponential Average FPS: 64.532
cpu_timer,timewarp_gl,237383
^^^^^^^^^^
cpu_timer,debugview,441620
App using position: -3
[1;32m[GL DEMO APP][0m Submitting frame to buffer 0, frametime 0.016219, FPS: 61.655125
cpu_timer,gldemo,168821
cpu_timer,zed_camera_thread,7802293
cpu_timer,timewarp_gl_gpu,50176
[1;36m[TIMEWARP][0m Motion-to-display latency: -0.0 ms, Exponential Average FPS: 64.151
cpu_timer,timewarp_gl,990597
cpu_timer,audio_component,30824122
^^^^^^^^^^
cpu_timer,debugview,423350
App using position: -3
[1;32m[GL DEMO APP][0m Submitting frame to buffer 1, frametime 0.016211, FPS: 61.688183
cpu_timer,gldemo,149213
cpu_timer,timewarp_gl_gpu,49152
[1;36m[TIMEWARP][0m Motion-to-display latency: -0.0 ms, Exponential Average FPS: 64.093
cpu_timer,timewarp_gl,228365
cpu_timer,zed_camera_thread,7673012
^^^^^^^^^^
App using position: -3
[1;32m[GL DEMO APP][0m Submitting frame to buffer 0, frametime 0.016289, FPS: 61.391911
cpu_timer,gldemo,245733
cpu_timer,timewarp_gl_gpu,48128
cpu_timer,zed_camera_thread,7544110
cpu_timer,audio_component,30237159
[1;36m[TIMEWARP][0m Motion-to-display latency: -0.1 ms, Exponential Average FPS: 63.748
cpu_timer,timewarp_gl,416535
^^^^^^^^^^
cpu_timer,debugview,414395
App using position: -3
[1;32m[GL DEMO APP][0m Submitting frame to buffer 1, frametime 0.016495, FPS: 60.625462
cpu_timer,gldemo,82521
cpu_timer,timewarp_gl_gpu,50176
[1;36m[TIMEWARP][0m Motion-to-display latency: -0.0 ms, Exponential Average FPS: 64.647
cpu_timer,timewarp_gl,381440
cpu_timer,zed_camera_thread,7722866
^^^^^^^^^^
cpu_timer,debugview,352287
cpu_timer,audio_component,24991762
App using position: -3
[1;32m[GL DEMO APP][0m Submitting frame to buffer 0, frametime 0.016159, FPS: 61.885262
cpu_timer,gldemo,128083
cpu_timer,timewarp_gl_gpu,48128
[1;36m[TIMEWARP][0m Motion-to-display latency: -0.1 ms, Exponential Average FPS: 64.313
cpu_timer,timewarp_gl,341442
cpu_timer,zed_camera_thread,8815400
cpu_timer,debugview,545163
App using position: -3
[1;32m[GL DEMO APP][0m Submitting frame to buffer 1, frametime 0.016151, FPS: 61.915890
cpu_timer,gldemo,88210
cpu_timer,audio_component,23198493
cpu_timer,timewarp_gl_gpu,49152
[1;36m[TIMEWARP][0m Motion-to-display latency: -0.1 ms, Exponential Average FPS: 64.046
cpu_timer,timewarp_gl,243610
^^^^^^^^^^
App using position: -3
[1;32m[GL DEMO APP][0m Submitting frame to buffer 0, frametime 0.016663, FPS: 60.013149
cpu_timer,gldemo,138967
cpu_timer,debugview,486046
cpu_timer,zed_camera_thread,3894792
^^^^^^^^^^
cpu_timer,timewarp_gl_gpu,50176
[1;36m[TIMEWARP][0m Motion-to-display latency: -0.0 ms, Exponential Average FPS: 63.710
cpu_timer,timewarp_gl,520254
cpu_timer,audio_component,23298106
cpu_timer,debugview,421659
cpu_timer,zed_camera_thread,8077385
App using position: -3
[1;32m[GL DEMO APP][0m Submitting frame to buffer 1, frametime 0.016339, FPS: 61.203232
cpu_timer,gldemo,140792
^^^^^^^^^^
cpu_timer,timewarp_gl_gpu,48128
[1;36m[TIMEWARP][0m Motion-to-display latency: -0.0 ms, Exponential Average FPS: 63.523
cpu_timer,timewarp_gl,260470
cpu_timer,debugview,728670
App using position: -3
[1;32m[GL DEMO APP][0m Submitting frame to buffer 0, frametime 0.016196, FPS: 61.742603
cpu_timer,gldemo,142601
cpu_timer,zed_camera_thread,13429729
cpu_timer,audio_component,25065572
cpu_timer,timewarp_gl_gpu,48128
[1;36m[TIMEWARP][0m Motion-to-display latency: -0.1 ms, Exponential Average FPS: 63.307
cpu_timer,timewarp_gl,274760
cpu_timer,debugview,467314
App using position: -3
[1;32m[GL DEMO APP][0m Submitting frame to buffer 1, frametime 0.016164, FPS: 61.864449
cpu_timer,gldemo,91739
cpu_timer,timewarp_gl_gpu,50176
[1;36m[TIMEWARP][0m Motion-to-display latency: -0.1 ms, Exponential Average FPS: 63.078
cpu_timer,timewarp_gl,266893
^^^^^^^^^^
App using position: -3
[1;32m[GL DEMO APP][0m Submitting frame to buffer 0, frametime 0.016198, FPS: 61.734772
cpu_timer,gldemo,148092
cpu_timer,debugview,442549
cpu_timer,audio_component,27936361
cpu_timer,zed_camera_thread,7789540
cpu_timer,timewarp_gl_gpu,49152
[1;36m[TIMEWARP][0m Motion-to-display latency: -0.0 ms, Exponential Average FPS: 62.886
cpu_timer,timewarp_gl,225381
cpu_timer,debugview,417982
App using position: -3
[1;32m[GL DEMO APP][0m Submitting frame to buffer 1, frametime 0.016278, FPS: 61.432426
cpu_timer,gldemo,223783
cpu_timer,timewarp_gl_gpu,49152
[1;36m[TIMEWARP][0m Motion-to-display latency: -0.0 ms, Exponential Average FPS: 62.662
cpu_timer,timewarp_gl,228194
cpu_timer,audio_component,28264793
^^^^^^^^^^
App using position: -3
[1;32m[GL DEMO APP][0m Submitting frame to buffer 0, frametime 0.016206, FPS: 61.706909
cpu_timer,gldemo,135893
cpu_timer,debugview,644894
cpu_timer,timewarp_gl_gpu,49152
[1;36m[TIMEWARP][0m Motion-to-display latency: -0.1 ms, Exponential Average FPS: 62.458
cpu_timer,timewarp_gl,373146
cpu_timer,zed_camera_thread,8678171
^^^^^^^^^^
App using position: -3
[1;32m[GL DEMO APP][0m Submitting frame to buffer 1, frametime 0.016196, FPS: 61.742912
cpu_timer,gldemo,139706
Makefile:30: recipe for target 'run.dbg' failed
